<?xml version="1.0" encoding="UTF-8"?>
<TestRun id="e73e1c5e-3b08-4e38-ae8a-bcf7ac5c8bb8" name="knguyen@NYC1AGLMKNGUYE1 2015-04-20 15:34:39" runUser="MBSINTL\knguyen" xmlns="http://microsoft.com/schemas/VisualStudio/TeamTest/2010">
  <TestSettings name="Local" id="23b2b9a2-03d4-4a15-aa74-84d949527ec4">
    <Description>These are default test settings for a local test run.</Description>
    <Deployment enabled="false" runDeploymentRoot="knguyen_NYC1AGLMKNGUYE1 2015-04-20 15_34_39">
      <DeploymentItem filename="C:\Users\knguyen\documents\visual studio 2010\Projects\AngularJS.Cab.Fare.Calculator\AngularJS.Cab.Fare.Calculator\bin\AngularJS.Cab.Fare.Calculator.dll" />
    </Deployment>
    <Execution>
      <TestTypeSpecific />
      <AgentRule name="Execution Agents">
      </AgentRule>
    </Execution>
  </TestSettings>
  <Times creation="2015-04-20T15:34:39.4466364-04:00" queuing="2015-04-20T15:34:39.4906408-04:00" start="2015-04-20T15:34:39.5006418-04:00" finish="2015-04-20T15:34:39.7476665-04:00" />
  <ResultSummary outcome="Completed">
    <Counters total="1" executed="1" passed="1" error="0" failed="0" timeout="0" aborted="0" inconclusive="0" passedButRunAborted="0" notRunnable="0" notExecuted="0" disconnected="0" warning="0" completed="0" inProgress="0" pending="0" />
  </ResultSummary>
  <TestDefinitions>
    <UnitTest name="TestMethod1" storage="c:\users\knguyen\documents\visual studio 2010\projects\angularjs.cab.fare.calculator\cab.fare.calculator.test\bin\debug\cab.fare.calculator.test.dll" id="e558e245-91f6-15dd-76d3-f940363a7958">
      <Execution id="2e2b44c7-732a-474c-875c-b55b30ab3d14" />
      <TestMethod codeBase="C:/Users/knguyen/documents/visual studio 2010/Projects/AngularJS.Cab.Fare.Calculator/Cab.Fare.Calculator.Test/bin/Debug/Cab.Fare.Calculator.Test.DLL" adapterTypeName="Microsoft.VisualStudio.TestTools.TestTypes.Unit.UnitTestAdapter, Microsoft.VisualStudio.QualityTools.Tips.UnitTest.Adapter, Version=10.0.0.0, Culture=neutral, PublicKeyToken=b03f5f7f11d50a3a" className="Cab.Fare.Calculator.Test.FareCalcTest, Cab.Fare.Calculator.Test, Version=1.0.0.0, Culture=neutral, PublicKeyToken=null" name="TestMethod1" />
    </UnitTest>
  </TestDefinitions>
  <TestLists>
    <TestList name="Results Not in a List" id="8c84fa94-04c1-424b-9868-57a2d4851a1d" />
    <TestList name="All Loaded Results" id="19431567-8539-422a-85d7-44ee4e166bda" />
  </TestLists>
  <TestEntries>
    <TestEntry testId="e558e245-91f6-15dd-76d3-f940363a7958" executionId="2e2b44c7-732a-474c-875c-b55b30ab3d14" testListId="8c84fa94-04c1-424b-9868-57a2d4851a1d" />
  </TestEntries>
  <Results>
    <UnitTestResult executionId="2e2b44c7-732a-474c-875c-b55b30ab3d14" testId="e558e245-91f6-15dd-76d3-f940363a7958" testName="TestMethod1" computerName="NYC1AGLMKNGUYE1" duration="00:00:00.0293408" startTime="2015-04-20T15:34:39.5376455-04:00" endTime="2015-04-20T15:34:39.7316649-04:00" testType="13cdc9d9-ddb5-4fa4-a97d-d965ccfc6d4b" outcome="Passed" testListId="8c84fa94-04c1-424b-9868-57a2d4851a1d" relativeResultsDirectory="2e2b44c7-732a-474c-875c-b55b30ab3d14">
    </UnitTestResult>
  </Results>
</TestRun>